ERROR - 2022-01-11 00:00:30 --> Table 'firsttable.user_login' doesn't exist
CRITICAL - 2022-01-11 00:00:30 --> Table 'firsttable.user_login' doesn't exist
#0 C:\xampp\htdocs\Swagger_App\system\Database\MySQLi\Connection.php(292): mysqli->query('SELECT *\nFROM `...', 0)
#1 C:\xampp\htdocs\Swagger_App\system\Database\BaseConnection.php(670): CodeIgniter\Database\MySQLi\Connection->execute('SELECT *\nFROM `...')
#2 C:\xampp\htdocs\Swagger_App\system\Database\BaseConnection.php(598): CodeIgniter\Database\BaseConnection->simpleQuery('SELECT *\nFROM `...')
#3 C:\xampp\htdocs\Swagger_App\system\Database\BaseBuilder.php(1443): CodeIgniter\Database\BaseConnection->query('SELECT *\nFROM `...', Array, false)
#4 C:\xampp\htdocs\Swagger_App\system\Model.php(210): CodeIgniter\Database\BaseBuilder->get()
#5 C:\xampp\htdocs\Swagger_App\system\BaseModel.php(622): CodeIgniter\Model->doFirst()
#6 C:\xampp\htdocs\Swagger_App\app\Controllers\Home.php(38): CodeIgniter\BaseModel->first()
#7 C:\xampp\htdocs\Swagger_App\system\CodeIgniter.php(824): App\Controllers\Home->index()
#8 C:\xampp\htdocs\Swagger_App\system\CodeIgniter.php(410): CodeIgniter\CodeIgniter->runController(Object(App\Controllers\Home))
#9 C:\xampp\htdocs\Swagger_App\system\CodeIgniter.php(318): CodeIgniter\CodeIgniter->handleRequest(NULL, Object(Config\Cache), false)
#10 C:\xampp\htdocs\Swagger_App\index.php(37): CodeIgniter\CodeIgniter->run()
#11 {main}
CRITICAL - 2022-01-11 21:48:58 --> Class "App\Controllers\mysqli" not found
#0 C:\xampp\htdocs\Swagger_App\system\CodeIgniter.php(824): App\Controllers\Home->User()
#1 C:\xampp\htdocs\Swagger_App\system\CodeIgniter.php(410): CodeIgniter\CodeIgniter->runController(Object(App\Controllers\Home))
#2 C:\xampp\htdocs\Swagger_App\system\CodeIgniter.php(318): CodeIgniter\CodeIgniter->handleRequest(NULL, Object(Config\Cache), false)
#3 C:\xampp\htdocs\Swagger_App\index.php(37): CodeIgniter\CodeIgniter->run()
#4 {main}
CRITICAL - 2022-01-11 22:37:00 --> Too few arguments to function App\Controllers\APi::deleteUser(), 0 passed in C:\xampp\htdocs\Swagger_App\system\CodeIgniter.php on line 824 and exactly 1 expected
#0 C:\xampp\htdocs\Swagger_App\system\CodeIgniter.php(824): App\Controllers\APi->deleteUser()
#1 C:\xampp\htdocs\Swagger_App\system\CodeIgniter.php(410): CodeIgniter\CodeIgniter->runController(Object(App\Controllers\APi))
#2 C:\xampp\htdocs\Swagger_App\system\CodeIgniter.php(318): CodeIgniter\CodeIgniter->handleRequest(NULL, Object(Config\Cache), false)
#3 C:\xampp\htdocs\Swagger_App\index.php(37): CodeIgniter\CodeIgniter->run()
#4 {main}
CRITICAL - 2022-01-11 22:39:43 --> Too few arguments to function App\Controllers\APi::deleteUser(), 0 passed in C:\xampp\htdocs\Swagger_App\system\CodeIgniter.php on line 824 and exactly 1 expected
#0 C:\xampp\htdocs\Swagger_App\system\CodeIgniter.php(824): App\Controllers\APi->deleteUser()
#1 C:\xampp\htdocs\Swagger_App\system\CodeIgniter.php(410): CodeIgniter\CodeIgniter->runController(Object(App\Controllers\APi))
#2 C:\xampp\htdocs\Swagger_App\system\CodeIgniter.php(318): CodeIgniter\CodeIgniter->handleRequest(NULL, Object(Config\Cache), false)
#3 C:\xampp\htdocs\Swagger_App\index.php(37): CodeIgniter\CodeIgniter->run()
#4 {main}
CRITICAL - 2022-01-11 22:41:14 --> Too few arguments to function App\Controllers\APi::deleteUser(), 0 passed in C:\xampp\htdocs\Swagger_App\system\CodeIgniter.php on line 824 and exactly 1 expected
#0 C:\xampp\htdocs\Swagger_App\system\CodeIgniter.php(824): App\Controllers\APi->deleteUser()
#1 C:\xampp\htdocs\Swagger_App\system\CodeIgniter.php(410): CodeIgniter\CodeIgniter->runController(Object(App\Controllers\APi))
#2 C:\xampp\htdocs\Swagger_App\system\CodeIgniter.php(318): CodeIgniter\CodeIgniter->handleRequest(NULL, Object(Config\Cache), false)
#3 C:\xampp\htdocs\Swagger_App\index.php(37): CodeIgniter\CodeIgniter->run()
#4 {main}
CRITICAL - 2022-01-11 22:50:33 --> Undefined array key "user_id"
#0 C:\xampp\htdocs\Swagger_App\app\Controllers\Api.php(22): CodeIgniter\Debug\Exceptions->errorHandler(2, 'Undefined array...', 'C:\\xampp\\htdocs...', 22)
#1 C:\xampp\htdocs\Swagger_App\system\CodeIgniter.php(824): App\Controllers\APi->deleteUser()
#2 C:\xampp\htdocs\Swagger_App\system\CodeIgniter.php(410): CodeIgniter\CodeIgniter->runController(Object(App\Controllers\APi))
#3 C:\xampp\htdocs\Swagger_App\system\CodeIgniter.php(318): CodeIgniter\CodeIgniter->handleRequest(NULL, Object(Config\Cache), false)
#4 C:\xampp\htdocs\Swagger_App\index.php(37): CodeIgniter\CodeIgniter->run()
#5 {main}
CRITICAL - 2022-01-11 22:56:55 --> Undefined array key "user_id"
#0 C:\xampp\htdocs\Swagger_App\app\Controllers\Api.php(22): CodeIgniter\Debug\Exceptions->errorHandler(2, 'Undefined array...', 'C:\\xampp\\htdocs...', 22)
#1 C:\xampp\htdocs\Swagger_App\system\CodeIgniter.php(824): App\Controllers\APi->deleteUser()
#2 C:\xampp\htdocs\Swagger_App\system\CodeIgniter.php(410): CodeIgniter\CodeIgniter->runController(Object(App\Controllers\APi))
#3 C:\xampp\htdocs\Swagger_App\system\CodeIgniter.php(318): CodeIgniter\CodeIgniter->handleRequest(NULL, Object(Config\Cache), false)
#4 C:\xampp\htdocs\Swagger_App\index.php(37): CodeIgniter\CodeIgniter->run()
#5 {main}
CRITICAL - 2022-01-11 23:04:16 --> Call to undefined function App\Controllers\isEmpty()
#0 C:\xampp\htdocs\Swagger_App\system\CodeIgniter.php(824): App\Controllers\APi->deleteUser()
#1 C:\xampp\htdocs\Swagger_App\system\CodeIgniter.php(410): CodeIgniter\CodeIgniter->runController(Object(App\Controllers\APi))
#2 C:\xampp\htdocs\Swagger_App\system\CodeIgniter.php(318): CodeIgniter\CodeIgniter->handleRequest(NULL, Object(Config\Cache), false)
#3 C:\xampp\htdocs\Swagger_App\index.php(37): CodeIgniter\CodeIgniter->run()
#4 {main}
CRITICAL - 2022-01-11 23:05:45 --> Undefined array key "user_id"
#0 C:\xampp\htdocs\Swagger_App\app\Controllers\Api.php(22): CodeIgniter\Debug\Exceptions->errorHandler(2, 'Undefined array...', 'C:\\xampp\\htdocs...', 22)
#1 C:\xampp\htdocs\Swagger_App\system\CodeIgniter.php(824): App\Controllers\APi->deleteUser()
#2 C:\xampp\htdocs\Swagger_App\system\CodeIgniter.php(410): CodeIgniter\CodeIgniter->runController(Object(App\Controllers\APi))
#3 C:\xampp\htdocs\Swagger_App\system\CodeIgniter.php(318): CodeIgniter\CodeIgniter->handleRequest(NULL, Object(Config\Cache), false)
#4 C:\xampp\htdocs\Swagger_App\index.php(37): CodeIgniter\CodeIgniter->run()
#5 {main}
CRITICAL - 2022-01-11 23:54:37 --> Too few arguments to function App\Controllers\APi::deleteUser(), 0 passed in C:\xampp\htdocs\Swagger_App\system\CodeIgniter.php on line 824 and exactly 1 expected
#0 C:\xampp\htdocs\Swagger_App\system\CodeIgniter.php(824): App\Controllers\APi->deleteUser()
#1 C:\xampp\htdocs\Swagger_App\system\CodeIgniter.php(410): CodeIgniter\CodeIgniter->runController(Object(App\Controllers\APi))
#2 C:\xampp\htdocs\Swagger_App\system\CodeIgniter.php(318): CodeIgniter\CodeIgniter->handleRequest(NULL, Object(Config\Cache), false)
#3 C:\xampp\htdocs\Swagger_App\index.php(37): CodeIgniter\CodeIgniter->run()
#4 {main}
