CRITICAL - 2022-01-12 00:04:56 --> Undefined array key "user_id"
#0 C:\xampp\htdocs\Swagger_App\app\Controllers\Api.php(22): CodeIgniter\Debug\Exceptions->errorHandler(2, 'Undefined array...', 'C:\\xampp\\htdocs...', 22)
#1 C:\xampp\htdocs\Swagger_App\system\CodeIgniter.php(824): App\Controllers\APi->deleteUser()
#2 C:\xampp\htdocs\Swagger_App\system\CodeIgniter.php(410): CodeIgniter\CodeIgniter->runController(Object(App\Controllers\APi))
#3 C:\xampp\htdocs\Swagger_App\system\CodeIgniter.php(318): CodeIgniter\CodeIgniter->handleRequest(NULL, Object(Config\Cache), false)
#4 C:\xampp\htdocs\Swagger_App\index.php(37): CodeIgniter\CodeIgniter->run()
#5 {main}
CRITICAL - 2022-01-12 00:08:16 --> Call to undefined method App\Controllers\APi::get()
#0 C:\xampp\htdocs\Swagger_App\system\CodeIgniter.php(824): App\Controllers\APi->deleteUser()
#1 C:\xampp\htdocs\Swagger_App\system\CodeIgniter.php(410): CodeIgniter\CodeIgniter->runController(Object(App\Controllers\APi))
#2 C:\xampp\htdocs\Swagger_App\system\CodeIgniter.php(318): CodeIgniter\CodeIgniter->handleRequest(NULL, Object(Config\Cache), false)
#3 C:\xampp\htdocs\Swagger_App\index.php(37): CodeIgniter\CodeIgniter->run()
#4 {main}
CRITICAL - 2022-01-12 00:11:48 --> Class "App\Controllers\RestController" not found
#0 C:\xampp\htdocs\Swagger_App\system\Router\Router.php(519): include_once()
#1 C:\xampp\htdocs\Swagger_App\system\Router\Router.php(176): CodeIgniter\Router\Router->autoRoute('/Api/deleteUser')
#2 C:\xampp\htdocs\Swagger_App\system\CodeIgniter.php(718): CodeIgniter\Router\Router->handle('/Api/deleteUser')
#3 C:\xampp\htdocs\Swagger_App\system\CodeIgniter.php(359): CodeIgniter\CodeIgniter->tryToRouteIt(Object(CodeIgniter\Router\RouteCollection))
#4 C:\xampp\htdocs\Swagger_App\system\CodeIgniter.php(318): CodeIgniter\CodeIgniter->handleRequest(NULL, Object(Config\Cache), false)
#5 C:\xampp\htdocs\Swagger_App\index.php(37): CodeIgniter\CodeIgniter->run()
#6 {main}
ERROR - 2022-01-12 00:49:54 --> Unknown column 'sponser_id' in 'field list'
CRITICAL - 2022-01-12 00:49:54 --> Unknown column 'sponser_id' in 'field list'
#0 C:\xampp\htdocs\Swagger_App\system\Database\MySQLi\Connection.php(292): mysqli->query('INSERT INTO `us...', 0)
#1 C:\xampp\htdocs\Swagger_App\system\Database\BaseConnection.php(670): CodeIgniter\Database\MySQLi\Connection->execute('INSERT INTO `us...')
#2 C:\xampp\htdocs\Swagger_App\system\Database\BaseConnection.php(598): CodeIgniter\Database\BaseConnection->simpleQuery('INSERT INTO `us...')
#3 C:\xampp\htdocs\Swagger_App\system\Database\BaseBuilder.php(1759): CodeIgniter\Database\BaseConnection->query('INSERT INTO `us...', Array, false)
#4 C:\xampp\htdocs\Swagger_App\system\Model.php(239): CodeIgniter\Database\BaseBuilder->insert()
#5 C:\xampp\htdocs\Swagger_App\system\BaseModel.php(738): CodeIgniter\Model->doInsert(Array)
#6 C:\xampp\htdocs\Swagger_App\system\Model.php(620): CodeIgniter\BaseModel->insert(Array, false)
#7 C:\xampp\htdocs\Swagger_App\system\BaseModel.php(658): CodeIgniter\Model->insert(Array, false)
#8 C:\xampp\htdocs\Swagger_App\app\Controllers\Api.php(26): CodeIgniter\BaseModel->save(Array)
#9 C:\xampp\htdocs\Swagger_App\system\CodeIgniter.php(824): App\Controllers\APi->addUser()
#10 C:\xampp\htdocs\Swagger_App\system\CodeIgniter.php(410): CodeIgniter\CodeIgniter->runController(Object(App\Controllers\APi))
#11 C:\xampp\htdocs\Swagger_App\system\CodeIgniter.php(318): CodeIgniter\CodeIgniter->handleRequest(NULL, Object(Config\Cache), false)
#12 C:\xampp\htdocs\Swagger_App\index.php(37): CodeIgniter\CodeIgniter->run()
#13 {main}
ERROR - 2022-01-12 00:54:33 --> Unknown column 'sponser_id' in 'field list'
CRITICAL - 2022-01-12 00:54:33 --> Unknown column 'sponser_id' in 'field list'
#0 C:\xampp\htdocs\Swagger_App\system\Database\MySQLi\Connection.php(292): mysqli->query('INSERT INTO `us...', 0)
#1 C:\xampp\htdocs\Swagger_App\system\Database\BaseConnection.php(670): CodeIgniter\Database\MySQLi\Connection->execute('INSERT INTO `us...')
#2 C:\xampp\htdocs\Swagger_App\system\Database\BaseConnection.php(598): CodeIgniter\Database\BaseConnection->simpleQuery('INSERT INTO `us...')
#3 C:\xampp\htdocs\Swagger_App\system\Database\BaseBuilder.php(1759): CodeIgniter\Database\BaseConnection->query('INSERT INTO `us...', Array, false)
#4 C:\xampp\htdocs\Swagger_App\system\Model.php(239): CodeIgniter\Database\BaseBuilder->insert()
#5 C:\xampp\htdocs\Swagger_App\system\BaseModel.php(738): CodeIgniter\Model->doInsert(Array)
#6 C:\xampp\htdocs\Swagger_App\system\Model.php(620): CodeIgniter\BaseModel->insert(Array, false)
#7 C:\xampp\htdocs\Swagger_App\system\BaseModel.php(658): CodeIgniter\Model->insert(Array, false)
#8 C:\xampp\htdocs\Swagger_App\app\Controllers\Api.php(25): CodeIgniter\BaseModel->save(Array)
#9 C:\xampp\htdocs\Swagger_App\system\CodeIgniter.php(824): App\Controllers\APi->addUser()
#10 C:\xampp\htdocs\Swagger_App\system\CodeIgniter.php(410): CodeIgniter\CodeIgniter->runController(Object(App\Controllers\APi))
#11 C:\xampp\htdocs\Swagger_App\system\CodeIgniter.php(318): CodeIgniter\CodeIgniter->handleRequest(NULL, Object(Config\Cache), false)
#12 C:\xampp\htdocs\Swagger_App\index.php(37): CodeIgniter\CodeIgniter->run()
#13 {main}
